Using pre-set license
Built from '2022.3/staging' branch; Version is '2022.3.62f1 (4af31df58517) revision 4911901'; Using compiler version '192829333'; Build Type 'Release'
OS: 'Windows 11  (10.0.26100) 64bit Professional' Language: 'en' Physical Memory: 32694 MB
BatchMode: 1, IsHumanControllingUs: 0, StartBugReporterOnCrash: 0, Is64bit: 1, IsPro: 1

COMMAND LINE ARGUMENTS:
C:\Program Files\Unity\Hub\Editor\2022.3.62f1\Editor\Unity.exe
-adb2
-batchMode
-noUpm
-name
AssetImportWorker1
-projectPath
D:/Users/Game_final_project
-logFile
Logs/AssetImportWorker1.log
-srvPort
51603
Successfully changed project path to: D:/Users/Game_final_project
D:/Users/Game_final_project
[UnityMemory] Configuration Parameters - Can be set up in boot.config
    "memorysetup-bucket-allocator-granularity=16"
    "memorysetup-bucket-allocator-bucket-count=8"
    "memorysetup-bucket-allocator-block-size=33554432"
    "memorysetup-bucket-allocator-block-count=8"
    "memorysetup-main-allocator-block-size=16777216"
    "memorysetup-thread-allocator-block-size=16777216"
    "memorysetup-gfx-main-allocator-block-size=16777216"
    "memorysetup-gfx-thread-allocator-block-size=16777216"
    "memorysetup-cache-allocator-block-size=4194304"
    "memorysetup-typetree-allocator-block-size=2097152"
    "memorysetup-profiler-bucket-allocator-granularity=16"
    "memorysetup-profiler-bucket-allocator-bucket-count=8"
    "memorysetup-profiler-bucket-allocator-block-size=33554432"
    "memorysetup-profiler-bucket-allocator-block-count=8"
    "memorysetup-profiler-allocator-block-size=16777216"
    "memorysetup-profiler-editor-allocator-block-size=1048576"
    "memorysetup-temp-allocator-size-main=16777216"
    "memorysetup-job-temp-allocator-block-size=2097152"
    "memorysetup-job-temp-allocator-block-size-background=1048576"
    "memorysetup-job-temp-allocator-reduction-small-platforms=262144"
    "memorysetup-allocator-temp-initial-block-size-main=262144"
    "memorysetup-allocator-temp-initial-block-size-worker=262144"
    "memorysetup-temp-allocator-size-background-worker=32768"
    "memorysetup-temp-allocator-size-job-worker=262144"
    "memorysetup-temp-allocator-size-preload-manager=33554432"
    "memorysetup-temp-allocator-size-nav-mesh-worker=65536"
    "memorysetup-temp-allocator-size-audio-worker=65536"
    "memorysetup-temp-allocator-size-cloud-worker=32768"
    "memorysetup-temp-allocator-size-gi-baking-worker=262144"
    "memorysetup-temp-allocator-size-gfx=262144"
Player connection [5968]  Target information:

Player connection [5968]  * "[IP] 10.219.11.90 [Port] 0 [Flags] 2 [Guid] 259348228 [EditorId] 259348228 [Version] 1048832 [Id] WindowsEditor(7,sai-w-wks-2425) [Debug] 1 [PackageName] WindowsEditor [ProjectName] Editor" 

Player connection [5968] Host joined multi-casting on [225.0.0.222:54997]...
Player connection [5968] Host joined alternative multi-casting on [225.0.0.222:34997]...
Input System module state changed to: Initialized.
[PhysX] Initialized MultithreadedTaskDispatcher with 24 workers.
Refreshing native plugins compatible for Editor in 39.16 ms, found 2 plugins.
Preloading 0 native plugins for Editor in 0.00 ms.
Initialize engine version: 2022.3.62f1 (4af31df58517)
[Subsystems] Discovering subsystems at path C:/Program Files/Unity/Hub/Editor/2022.3.62f1/Editor/Data/Resources/UnitySubsystems
[Subsystems] Discovering subsystems at path D:/Users/Game_final_project/Assets
GfxDevice: creating device client; threaded=0; jobified=0
Direct3D:
    Version:  Direct3D 11.0 [level 11.1]
    Renderer: NVIDIA GeForce GT 1030 (ID=0x1d01)
    Vendor:   NVIDIA
    VRAM:     1967 MB
    Driver:   32.0.15.6094
Initialize mono
Mono path[0] = 'C:/Program Files/Unity/Hub/Editor/2022.3.62f1/Editor/Data/Managed'
Mono path[1] = 'C:/Program Files/Unity/Hub/Editor/2022.3.62f1/Editor/Data/MonoBleedingEdge/lib/mono/unityjit-win32'
Mono config path = 'C:/Program Files/Unity/Hub/Editor/2022.3.62f1/Editor/Data/MonoBleedingEdge/etc'
Using monoOptions --debugger-agent=transport=dt_socket,embedding=1,server=y,suspend=n,address=127.0.0.1:56928
Begin MonoManager ReloadAssembly
Registering precompiled unity dll's ...
Register platform support module: C:/Program Files/Unity/Hub/Editor/2022.3.62f1/Editor/Data/PlaybackEngines/AndroidPlayer/UnityEditor.Android.Extensions.dll
Register platform support module: C:/Program Files/Unity/Hub/Editor/2022.3.62f1/Editor/Data/PlaybackEngines/WindowsStandaloneSupport/UnityEditor.WindowsStandalone.Extensions.dll
Register platform support module: C:/Program Files/Unity/Hub/Editor/2022.3.62f1/Editor/Data/PlaybackEngines/MetroSupport/UnityEditor.UWP.Extensions.dll
Registered in 0.021787 seconds.
- Loaded All Assemblies, in  0.443 seconds
Native extension for UWP target not found
Native extension for WindowsStandalone target not found
Native extension for Android target not found
Android Extension - Scanning For ADB Devices 934 ms
Mono: successfully reloaded assembly
- Finished resetting the current domain, in  1.253 seconds
Domain Reload Profiling: 1691ms
	BeginReloadAssembly (145ms)
		ExecutionOrderSort (0ms)
		DisableScriptedObjects (0ms)
		BackupInstance (0ms)
		ReleaseScriptingObjects (0ms)
		CreateAndSetChildDomain (1ms)
	RebuildCommonClasses (37ms)
	RebuildNativeTypeToScriptingClass (11ms)
	initialDomainReloadingComplete (81ms)
	LoadAllAssembliesAndSetupDomain (164ms)
		LoadAssemblies (142ms)
		RebuildTransferFunctionScriptingTraits (0ms)
		AnalyzeDomain (159ms)
			TypeCache.Refresh (157ms)
				TypeCache.ScanAssembly (142ms)
			ScanForSourceGeneratedMonoScriptInfo (0ms)
			ResolveRequiredComponents (1ms)
	FinalizeReload (1254ms)
		ReleaseScriptCaches (0ms)
		RebuildScriptCaches (0ms)
		SetupLoadedEditorAssemblies (1207ms)
			LogAssemblyErrors (0ms)
			InitializePlatformSupportModulesInManaged (1021ms)
			SetLoadedEditorAssemblies (4ms)
			RefreshPlugins (0ms)
			BeforeProcessingInitializeOnLoad (2ms)
			ProcessInitializeOnLoadAttributes (118ms)
			ProcessInitializeOnLoadMethodAttributes (61ms)
			AfterProcessingInitializeOnLoad (0ms)
			EditorAssembliesLoaded (0ms)
		ExecutionOrderSort2 (0ms)
		AwakeInstancesAfterBackupRestoration (0ms)
========================================================================
Worker process is ready to serve import requests
Caller must complete domain reload
Begin MonoManager ReloadAssembly
Assembly 'Assets/ExternalDependencyManager/Editor/1.2.175/Google.IOSResolver.dll' will not be loaded due to errors:
Unable to resolve reference 'UnityEditor.iOS.Extensions.Xcode'. Is the assembly missing or incompatible with the current platform?
Reference validation can be disabled in the Plugin Inspector.
- Loaded All Assemblies, in  0.716 seconds
Native extension for UWP target not found
Native extension for WindowsStandalone target not found
Native extension for Android target not found
Mono: successfully reloaded assembly
- Finished resetting the current domain, in  0.603 seconds
Domain Reload Profiling: 1314ms
	BeginReloadAssembly (182ms)
		ExecutionOrderSort (0ms)
		DisableScriptedObjects (5ms)
		BackupInstance (0ms)
		ReleaseScriptingObjects (0ms)
		CreateAndSetChildDomain (22ms)
	RebuildCommonClasses (36ms)
	RebuildNativeTypeToScriptingClass (11ms)
	initialDomainReloadingComplete (54ms)
	LoadAllAssembliesAndSetupDomain (427ms)
		LoadAssemblies (396ms)
		RebuildTransferFunctionScriptingTraits (0ms)
		AnalyzeDomain (149ms)
			TypeCache.Refresh (101ms)
				TypeCache.ScanAssembly (81ms)
			ScanForSourceGeneratedMonoScriptInfo (38ms)
			ResolveRequiredComponents (9ms)
	FinalizeReload (604ms)
		ReleaseScriptCaches (0ms)
		RebuildScriptCaches (0ms)
		SetupLoadedEditorAssemblies (452ms)
			LogAssemblyErrors (0ms)
			InitializePlatformSupportModulesInManaged (27ms)
			SetLoadedEditorAssemblies (4ms)
			RefreshPlugins (0ms)
			BeforeProcessingInitializeOnLoad (59ms)
			ProcessInitializeOnLoadAttributes (324ms)
			ProcessInitializeOnLoadMethodAttributes (22ms)
			AfterProcessingInitializeOnLoad (15ms)
			EditorAssembliesLoaded (0ms)
		ExecutionOrderSort2 (0ms)
		AwakeInstancesAfterBackupRestoration (11ms)
WARNING: Shader Unsupported: 'Hidden/Toony Colors Pro 2/Variants/Mobile Specular Outline' - All subshaders removed
WARNING: Shader Did you use #pragma only_renderers and omit this platform?
WARNING: Shader If subshaders removal was intentional, you may have forgotten turning Fallback off?
WARNING: Shader Unsupported: 'Hidden/Toony Colors Pro 2/Variants/Mobile Specular Outline' - All subshaders removed
WARNING: Shader Did you use #pragma only_renderers and omit this platform?
WARNING: Shader If subshaders removal was intentional, you may have forgotten turning Fallback off?
WARNING: Shader Unsupported: 'Hidden/Toony Colors Pro 2/Variants/Mobile OutlineBlending' - All subshaders removed
WARNING: Shader Did you use #pragma only_renderers and omit this platform?
WARNING: Shader If subshaders removal was intentional, you may have forgotten turning Fallback off?
WARNING: Shader Unsupported: 'Hidden/Toony Colors Pro 2/Variants/Mobile OutlineBlending' - All subshaders removed
WARNING: Shader Did you use #pragma only_renderers and omit this platform?
WARNING: Shader If subshaders removal was intentional, you may have forgotten turning Fallback off?
WARNING: Shader Unsupported: 'Hidden/Toony Colors Pro 2/Variants/Mobile Outline' - All subshaders removed
WARNING: Shader Did you use #pragma only_renderers and omit this platform?
WARNING: Shader If subshaders removal was intentional, you may have forgotten turning Fallback off?
WARNING: Shader Unsupported: 'Hidden/Toony Colors Pro 2/Variants/Mobile Outline' - All subshaders removed
WARNING: Shader Did you use #pragma only_renderers and omit this platform?
WARNING: Shader If subshaders removal was intentional, you may have forgotten turning Fallback off?
WARNING: Shader Unsupported: 'Hidden/Toony Colors Pro 2/Standard PBS Outline (Specular)' - All subshaders removed
WARNING: Shader Did you use #pragma only_renderers and omit this platform?
WARNING: Shader If subshaders removal was intentional, you may have forgotten turning Fallback off?
WARNING: Shader Unsupported: 'Hidden/Toony Colors Pro 2/Standard PBS Outline (Specular)' - All subshaders removed
WARNING: Shader Did you use #pragma only_renderers and omit this platform?
WARNING: Shader If subshaders removal was intentional, you may have forgotten turning Fallback off?
WARNING: Shader Unsupported: 'Hidden/Toony Colors Pro 2/Standard PBS Outline Blended (Specular)' - All subshaders removed
WARNING: Shader Did you use #pragma only_renderers and omit this platform?
WARNING: Shader If subshaders removal was intentional, you may have forgotten turning Fallback off?
WARNING: Shader Unsupported: 'Hidden/Toony Colors Pro 2/Standard PBS Outline Blended (Specular)' - All subshaders removed
WARNING: Shader Did you use #pragma only_renderers and omit this platform?
WARNING: Shader If subshaders removal was intentional, you may have forgotten turning Fallback off?
WARNING: Shader Unsupported: 'Hidden/Toony Colors Pro 2/Variants/Desktop OutlineBlending' - All subshaders removed
WARNING: Shader Did you use #pragma only_renderers and omit this platform?
WARNING: Shader If subshaders removal was intentional, you may have forgotten turning Fallback off?
WARNING: Shader Unsupported: 'Hidden/Toony Colors Pro 2/Variants/Desktop OutlineBlending' - All subshaders removed
WARNING: Shader Did you use #pragma only_renderers and omit this platform?
WARNING: Shader If subshaders removal was intentional, you may have forgotten turning Fallback off?
WARNING: Shader Unsupported: 'Hidden/Toony Colors Pro 2/Standard PBS Outline' - All subshaders removed
WARNING: Shader Did you use #pragma only_renderers and omit this platform?
WARNING: Shader If subshaders removal was intentional, you may have forgotten turning Fallback off?
WARNING: Shader Unsupported: 'Hidden/Toony Colors Pro 2/Standard PBS Outline' - All subshaders removed
WARNING: Shader Did you use #pragma only_renderers and omit this platform?
WARNING: Shader If subshaders removal was intentional, you may have forgotten turning Fallback off?
WARNING: Shader Unsupported: 'Hidden/Toony Colors Pro 2/Standard PBS Outline Blended' - All subshaders removed
WARNING: Shader Did you use #pragma only_renderers and omit this platform?
WARNING: Shader If subshaders removal was intentional, you may have forgotten turning Fallback off?
WARNING: Shader Unsupported: 'Hidden/Toony Colors Pro 2/Standard PBS Outline Blended' - All subshaders removed
WARNING: Shader Did you use #pragma only_renderers and omit this platform?
WARNING: Shader If subshaders removal was intentional, you may have forgotten turning Fallback off?
WARNING: Shader Unsupported: 'Hidden/Toony Colors Pro 2/Variants/Desktop Outline' - All subshaders removed
WARNING: Shader Did you use #pragma only_renderers and omit this platform?
WARNING: Shader If subshaders removal was intentional, you may have forgotten turning Fallback off?
WARNING: Shader Unsupported: 'Hidden/Toony Colors Pro 2/Variants/Desktop Outline' - All subshaders removed
WARNING: Shader Did you use #pragma only_renderers and omit this platform?
WARNING: Shader If subshaders removal was intentional, you may have forgotten turning Fallback off?
WARNING: Shader Unsupported: 'Hidden/Toony Colors Pro 2/Variants/Desktop Specular Outline' - All subshaders removed
WARNING: Shader Did you use #pragma only_renderers and omit this platform?
WARNING: Shader If subshaders removal was intentional, you may have forgotten turning Fallback off?
WARNING: Shader Unsupported: 'Hidden/Toony Colors Pro 2/Variants/Desktop Specular Outline' - All subshaders removed
WARNING: Shader Did you use #pragma only_renderers and omit this platform?
WARNING: Shader If subshaders removal was intentional, you may have forgotten turning Fallback off?
WARNING: Shader Unsupported: 'Hidden/Toony Colors Pro 2/Variants/Mobile Specular OutlineBlending' - All subshaders removed
WARNING: Shader Did you use #pragma only_renderers and omit this platform?
WARNING: Shader If subshaders removal was intentional, you may have forgotten turning Fallback off?
WARNING: Shader Unsupported: 'Hidden/Toony Colors Pro 2/Variants/Mobile Specular OutlineBlending' - All subshaders removed
WARNING: Shader Did you use #pragma only_renderers and omit this platform?
WARNING: Shader If subshaders removal was intentional, you may have forgotten turning Fallback off?
WARNING: Shader Unsupported: 'Hidden/Toony Colors Pro 2/Variants/Desktop Specular OutlineBlending' - All subshaders removed
WARNING: Shader Did you use #pragma only_renderers and omit this platform?
WARNING: Shader If subshaders removal was intentional, you may have forgotten turning Fallback off?
WARNING: Shader Unsupported: 'Hidden/Toony Colors Pro 2/Variants/Desktop Specular OutlineBlending' - All subshaders removed
WARNING: Shader Did you use #pragma only_renderers and omit this platform?
WARNING: Shader If subshaders removal was intentional, you may have forgotten turning Fallback off?
Launched and connected shader compiler UnityShaderCompiler.exe after 0.11 seconds
Refreshing native plugins compatible for Editor in 25.86 ms, found 2 plugins.
Preloading 0 native plugins for Editor in 0.00 ms.
Unloading 2023 Unused Serialized files (Serialized files now loaded: 0)
Unloading 55 unused Assets / (6.4 MB). Loaded Objects now: 2501.
Memory consumption went from 150.6 MB to 144.3 MB.
Total: 4.979000 ms (FindLiveObjects: 0.234200 ms CreateObjectMapping: 0.047900 ms MarkObjects: 2.833300 ms  DeleteObjects: 1.862000 ms)

AssetImportParameters requested are different than current active one (requested -> active):
  custom:video-decoder-webm-vp8: 9c59270c3fd7afecdb556c50c9e8de78 -> 
  custom:scripting/monoscript/fileName/TCP2_GradientManager.cs: 37272c1e31c92478eaffa405f11908a7 -> fcc0eade98cac5b7275979695df635bb
  custom:scripting/monoscript/fileName/TCP2_Demo_AnimateMaterial.cs: 56c3581fe21d45897fc8fb4059ce3f78 -> 36cd3afdb13edf651922a70330252de1
  custom:scripting/monoscript/fileName/TCP2_ShaderUpdateUnityTime_Editor.cs: ba9c8e703ffe791b9278ac10cce91661 -> c0adbd8b2cef361b0d030b13795a28f1
  custom:scripting/monoscript/fileName/MaterialInspector_SG2.cs: 60d45a6bf91674822c99ca909e626a7c -> f644846037657a75d01c3a3d0ff809d6
  custom:SearchIndexIgnoredProperties: e643bd26f0fe6173181afceb89e7c659 -> 
  custom:scripting/monoscript/fileName/TCP2_ShaderGenerator.UIFeatures.cs: c221881f1c6bc7aa01175fd58227440a -> 1d2933bc56d7311d0449931f9ae688f2
  custom:container-demuxer-ogg: 62fdf1f143b41e24485cea50d1cbac27 -> 
  custom:AudioImporter_EditorPlatform: d09bf68614088b80899f8185d706f6e7 -> 
  custom:scripting/monoscript/fileName/Serialization.cs: 1851cca948bc0d39963e8f920271e02d -> 4cafb6e720bd65c98c959cb78d3647c6
  custom:scripting/monoscript/fileName/TCP2_ShaderGeneratorUtils.cs: e7c137eb2be2544eb386873f3eb499a3 -> 60f19fd12c7e608165239da51b7c9347
  custom:scripting/monoscript/fileName/TCP2_MaterialInspector_SurfacePBS_SG.cs: c9eef89af2b5e9c5d793d70017b414f1 -> 88b6aab46ec263e3f285a8b01039276b
  custom:scripting/monoscript/fileName/MaterialInspector_Hybrid.cs: c379f87ba9fce34c903773dfb043a2ac -> dd0479f081972fc1bd8117e9b8a3c19c
  custom:scripting/monoscript/fileName/UIFeatures.cs: 6fb0de7fbc8b3339d66ecf43afb4326f -> 0106553a8c9a826d51597af1432f7b91
  custom:video-codec-MediaFoundation-h265: 746d11721c4dcdbdad8f713fa42b33f4 -> 
  custom:scripting/monoscript/fileName/TCP2_ShaderUpdateUnityTime.cs: 5b5b87979114f539d4af29d12735b2fb -> 61bb3190525b24acadb5199bc561b249
  custom:video-decoder-ogg-theora: a1e56fd34408186e4bbccfd4996cb3dc -> 
  custom:scripting/monoscript/fileName/TCP2_PlanarReflection.cs: cd4ccc0dbb7185b6a9f96fe15dfe8aa8 -> 09ded59f42b98316a095fe201bedfef7
  custom:scripting/monoscript/fileName/TCP2_GetPosOnWater_Editor.cs: b5f26a07de0ad9c4e21b864c577e3bb5 -> f070524cbf80cc182ddafc23e9b0c865
  custom:scripting/monoscript/fileName/TCP2_GetVertexWavesPosition.cs: 9dfa832481500070a9fff1227de80db6 -> 9841e2d3ae8e0142cabeaf950824fa83
  custom:scripting/monoscript/fileName/TCP2_RampGenerator.cs: 46a24b87f156d72b9e6971a327071845 -> eaec3e604e38ce2a529b64230727e120
  custom:scripting/monoscript/fileName/SGUILayout.cs: ebbba7830c453a0238a0e6dec7e6222c -> 9a748d27fc237893445b0be72a0a383e
  custom:framework-win-MediaFoundation: 216162199b28c13a410421893ffa2e32 -> 
  custom:scripting/monoscript/fileName/TCP2_Demo_GammaLinear.cs: f4de7144b5b6a54dcb813c2df6782f2d -> b35f68aa1d552cb4d1a4ec6c926c0f0b
  custom:scripting/monoscript/fileName/TCP2_Upgrader.cs: 883225f75bec08c6565b52f530f3b2f1 -> 61aae58434386952171d6396a36bade2
  custom:scripting/monoscript/fileName/ShaderGenerator2.cs: 80c9fc3be389bfeb2a4f37404dc43c43 -> e5295c95a591168ca7cb39a3ade1c16c
  custom:scripting/monoscript/fileName/TCP2_GUI.cs: 89421bb5e2f15fe14327eda9bba9b9d1 -> 1338930458367abb0020a550450a40ac
  custom:scripting/monoscript/fileName/TCP2_Demo_Interactive.cs: de2cd899c22920c3f675ac3c7638629a -> c0fc773abdf677858f2b632324822fc1
  custom:scripting/monoscript/fileName/TCP2_MaterialInspector_SG.cs: 8897780c77e361520c9a8f8449a080f2 -> 831645fb097b4502f2682dac3160ce44
  custom:scripting/monoscript/fileName/TCP2_Demo_Interactive_Content.cs: de14853feeb62b2744ebe32e92cc53ac -> af5c3adfbee3ee106cc636b55f10baea
  custom:scripting/monoscript/fileName/TCP2_RuntimeUtils.cs: 675d40686ad98770997b60bad6ab1b7a -> 6234d1c0df7a9f06c3c188e83442ae85
  custom:scripting/monoscript/fileName/ShaderProperty.CustomMaterialProperty.cs: 4752279f5237cad92170e4ebda8d2e56 -> bc66a2637169b9e3b0a7518af3f83ec8
  custom:scripting/monoscript/fileName/TCP2_Demo_Camera.cs: d68bac29dfe3edd151f67bdaa7a41b30 -> cb4db1febccc2c4e09ec7a6d23187ea7
  custom:scripting/monoscript/fileName/TCP2_Demo_View.cs: f33ebff6d7616fc383218081263da62e -> 7e6099098a9785fde276519acfef40f1
  custom:scripting/monoscript/fileName/TCP2_Config.cs: 53d4da5d7e464290b7dfbeb190ff9a0b -> f4d22248fc55d9b99738808a615b972c
  custom:scripting/monoscript/fileName/TCP2_Demo_InvertedMaskImage.cs: 9d74b9c01c421208492d82409656d9b5 -> ffd3558dbe2bfe9f162715877425f894
  custom:video-encoder-webm-vp8: eb34c28f22e8b96e1ab97ce403110664 -> 
  custom:scripting/monoscript/fileName/TCP2_MaterialInspector.cs: 0995c0cd87da4d501e747fa2aae3b794 -> 1f5ad91034ee25bbec41e2eeabf5a3bd
  custom:scripting/monoscript/fileName/TCP2_GetPosOnWater.cs: e81d1041805bcdc874772595de8264f7 -> 09fece8a0755d1b11f9fdf3eb77dcbc0
  custom:scripting/monoscript/fileName/ReorderableLayoutList.cs: a0ae31a04d773db85a02d633b611aa42 -> 9ba7bd4c991c73731c821315ffcd1d38
  custom:scripting/monoscript/fileName/TCP2_Demo.cs: 5a61b5c4b94850a98b1325781bbb0a2c -> f66526b53badb7ad665229520cd3259d
  custom:audio-decoder-ogg-vorbis: bf7c407c2cedff20999df2af8eb42d56 -> 
  custom:scripting/monoscript/fileName/ShaderProperty.cs: 380512d462a6812b233402b4f6caa533 -> 82bb21d4405e65966350eb3cb56ff024
  custom:scripting/monoscript/fileName/ShaderProperty.Implementations.cs: a358703609533b6947da1bc23151a98a -> f8cc9168116283bc91087da061505e8d
  custom:scripting/monoscript/fileName/GlobalOptions.cs: 2e90b45b074f1bd5297efbf5ea9e66a9 -> fe6494fa426a8040736381ebbdd122c8
  custom:CustomObjectIndexerAttribute: 9a22284fe3817be447336de3de66b15e -> 
  custom:scripting/monoscript/fileName/AnalyticManager.cs: 3cb5a2c1d68d43c8a75a694832ed68f7 -> 
  custom:scripting/monoscript/fileName/TCP2_ShaderImporter.cs: 9386152485d0ed3a70ae746e3d3d3a0b -> d900ef458f6d9e63ad0f3532d995f65e
  custom:scripting/monoscript/fileName/TCP2_OutlineInspector.cs: 86a775169c5d481f04b66541ba96af96 -> 65523a4924160d9a16e9359205373c7a
  custom:scripting/monoscript/fileName/TCP2_Demo_PBS_View.cs: 4e3898009146d3942347120305b4dee4 -> c54dfb82e8364e406c25d94e7503bb47
  custom:scripting/monoscript/fileName/Tooltip.cs: b9228850981a485692af9f76f1de0bf5 -> 6d98b883b77bd4eb3be7c69498228e5b
  custom:scripting/monoscript/fileName/TCP2_ExpressionParser.cs: ff26919b38583e3ab830ec807c631fe2 -> 2d12153f030e7001c6e8dd49a9c830ab
  custom:scripting/monoscript/fileName/TCP2_Demo_Cat.cs: 0dc423992d08a3c83c0adc1d2874b410 -> ddce114892a3e78f308d54f7c0d40e51
  custom:container-demuxer-webm: 4f35f7cbe854078d1ac9338744f61a02 -> 
  custom:scripting/monoscript/fileName/TCP2_MaterialInspector_PBS.cs: 1d5e3a05d19c56db5d566fb56637114b -> 6b7e84d2fcbb320e53bf430f9d42cf27
  custom:scripting/monoscript/fileName/TCP2_ShaderPostProcessor.cs: d7dcce0bced08f95dafcf4aaf123503c -> 9958be35f110aac162282c7684494c52
  custom:scripting/monoscript/fileName/TCP2_SmoothedNormalsUtility.cs: 85116915ae0a911483d95285c3342b15 -> d0c50f866cd0458673f04524aac330ab
  custom:scripting/monoscript/fileName/CodeInjection.cs: b1a1413330025788bd65f793748bbc08 -> 53eca25ffbc932bdcc2f182b3a74b3ef
  custom:scripting/monoscript/fileName/TCP2_Demo_PBS.cs: ebd17b185aaf86c16ddb3a2660a32664 -> bf0261dde914e2ef482e8008955d4b0e
  custom:scripting/monoscript/fileName/TCP2_Demo_AutoRotate.cs: dc25d2686a589dc21eb60f99f7d25861 -> 0567dee0421ae0886b132939e2b454c8
  custom:scripting/monoscript/fileName/TCP2_Utils.cs: b95b27719bf5a890b1732e1a4ec4ef87 -> 579f444beb3a9b5cb1dccb7c54567489
  custom:scripting/monoscript/fileName/TCP2_MaterialInspector_PBS_SG.cs: 630658e755fec5974d1eab3cb287bd75 -> 854a75f3d615b0c507e87b45b4a3c6d0
  custom:audio-encoder-webm-vorbis: bf7c407c2cedff20999df2af8eb42d56 -> 
  custom:scripting/monoscript/fileName/TCP2_Menu.cs: 3e00990b13e7d808c0eb733857d8b85f -> 88e64115b36f2d5f17b21666c38f240d
  custom:scripting/monoscript/fileName/TCP2_Demo_Interactive_Environment.cs: f5d7c787752e2d4a0350a1c7192c9b1a -> 08147bc20b048c5b5aea073f2107a938
  custom:scripting/monoscript/fileName/MaterialLayer.cs: c7e62090460fd8310a91031dc5351ce6 -> ff08085cd2d9443e259c700774fbea94
  custom:scripting/monoscript/fileName/Template.cs: c07c1a59ebdac4b84511336f88af84f3 -> 955ddae9cda1c5cb75f6ed421335be29
  custom:scripting/monoscript/fileName/Module.cs: 30d6c2e442503ad04e149fa8103a4efb -> 64e3e90967383dd20980acf06b82a484
  custom:scripting/monoscript/fileName/Config.cs: 7c748c113fb2ce30642a365cd8a8501b -> fae96f2b91a511890105fb9b95d24d0b
  custom:scripting/monoscript/fileName/TCP2_CameraDepth.cs: 8d73f935d2fd4420cbe28a9c3e5ae717 -> 78d341a8ab5c83f87f48439841cfe550
  custom:container-muxer-webm: aa71ff27fc2769a1b78a27578f13a17b -> 
========================================================================
Received Prepare
Caller must complete domain reload
Begin MonoManager ReloadAssembly
- Loaded All Assemblies, in  0.524 seconds
Native extension for UWP target not found
Native extension for WindowsStandalone target not found
Native extension for Android target not found
Mono: successfully reloaded assembly
- Finished resetting the current domain, in  0.838 seconds
Domain Reload Profiling: 1358ms
	BeginReloadAssembly (178ms)
		ExecutionOrderSort (0ms)
		DisableScriptedObjects (4ms)
		BackupInstance (0ms)
		ReleaseScriptingObjects (0ms)
		CreateAndSetChildDomain (35ms)
	RebuildCommonClasses (36ms)
	RebuildNativeTypeToScriptingClass (11ms)
	initialDomainReloadingComplete (37ms)
	LoadAllAssembliesAndSetupDomain (258ms)
		LoadAssemblies (323ms)
		RebuildTransferFunctionScriptingTraits (0ms)
		AnalyzeDomain (41ms)
			TypeCache.Refresh (28ms)
				TypeCache.ScanAssembly (20ms)
			ScanForSourceGeneratedMonoScriptInfo (6ms)
			ResolveRequiredComponents (5ms)
	FinalizeReload (839ms)
		ReleaseScriptCaches (0ms)
		RebuildScriptCaches (0ms)
		SetupLoadedEditorAssemblies (388ms)
			LogAssemblyErrors (0ms)
			InitializePlatformSupportModulesInManaged (26ms)
			SetLoadedEditorAssemblies (4ms)
			RefreshPlugins (0ms)
			BeforeProcessingInitializeOnLoad (53ms)
			ProcessInitializeOnLoadAttributes (270ms)
			ProcessInitializeOnLoadMethodAttributes (20ms)
			AfterProcessingInitializeOnLoad (15ms)
			EditorAssembliesLoaded (0ms)
		ExecutionOrderSort2 (0ms)
		AwakeInstancesAfterBackupRestoration (9ms)
WARNING: Shader Unsupported: 'Hidden/Toony Colors Pro 2/Variants/Mobile Specular Outline' - All subshaders removed
WARNING: Shader Did you use #pragma only_renderers and omit this platform?
WARNING: Shader If subshaders removal was intentional, you may have forgotten turning Fallback off?
WARNING: Shader Unsupported: 'Hidden/Toony Colors Pro 2/Variants/Mobile Specular Outline' - All subshaders removed
WARNING: Shader Did you use #pragma only_renderers and omit this platform?
WARNING: Shader If subshaders removal was intentional, you may have forgotten turning Fallback off?
WARNING: Shader Unsupported: 'Hidden/Toony Colors Pro 2/Variants/Mobile OutlineBlending' - All subshaders removed
WARNING: Shader Did you use #pragma only_renderers and omit this platform?
WARNING: Shader If subshaders removal was intentional, you may have forgotten turning Fallback off?
WARNING: Shader Unsupported: 'Hidden/Toony Colors Pro 2/Variants/Mobile OutlineBlending' - All subshaders removed
WARNING: Shader Did you use #pragma only_renderers and omit this platform?
WARNING: Shader If subshaders removal was intentional, you may have forgotten turning Fallback off?
WARNING: Shader Unsupported: 'Hidden/Toony Colors Pro 2/Variants/Mobile Outline' - All subshaders removed
WARNING: Shader Did you use #pragma only_renderers and omit this platform?
WARNING: Shader If subshaders removal was intentional, you may have forgotten turning Fallback off?
WARNING: Shader Unsupported: 'Hidden/Toony Colors Pro 2/Variants/Mobile Outline' - All subshaders removed
WARNING: Shader Did you use #pragma only_renderers and omit this platform?
WARNING: Shader If subshaders removal was intentional, you may have forgotten turning Fallback off?
WARNING: Shader Unsupported: 'Hidden/Toony Colors Pro 2/Standard PBS Outline (Specular)' - All subshaders removed
WARNING: Shader Did you use #pragma only_renderers and omit this platform?
WARNING: Shader If subshaders removal was intentional, you may have forgotten turning Fallback off?
WARNING: Shader Unsupported: 'Hidden/Toony Colors Pro 2/Standard PBS Outline (Specular)' - All subshaders removed
WARNING: Shader Did you use #pragma only_renderers and omit this platform?
WARNING: Shader If subshaders removal was intentional, you may have forgotten turning Fallback off?
WARNING: Shader Unsupported: 'Hidden/Toony Colors Pro 2/Standard PBS Outline Blended (Specular)' - All subshaders removed
WARNING: Shader Did you use #pragma only_renderers and omit this platform?
WARNING: Shader If subshaders removal was intentional, you may have forgotten turning Fallback off?
WARNING: Shader Unsupported: 'Hidden/Toony Colors Pro 2/Standard PBS Outline Blended (Specular)' - All subshaders removed
WARNING: Shader Did you use #pragma only_renderers and omit this platform?
WARNING: Shader If subshaders removal was intentional, you may have forgotten turning Fallback off?
WARNING: Shader Unsupported: 'Hidden/Toony Colors Pro 2/Variants/Desktop OutlineBlending' - All subshaders removed
WARNING: Shader Did you use #pragma only_renderers and omit this platform?
WARNING: Shader If subshaders removal was intentional, you may have forgotten turning Fallback off?
WARNING: Shader Unsupported: 'Hidden/Toony Colors Pro 2/Variants/Desktop OutlineBlending' - All subshaders removed
WARNING: Shader Did you use #pragma only_renderers and omit this platform?
WARNING: Shader If subshaders removal was intentional, you may have forgotten turning Fallback off?
WARNING: Shader Unsupported: 'Hidden/Toony Colors Pro 2/Standard PBS Outline' - All subshaders removed
WARNING: Shader Did you use #pragma only_renderers and omit this platform?
WARNING: Shader If subshaders removal was intentional, you may have forgotten turning Fallback off?
WARNING: Shader Unsupported: 'Hidden/Toony Colors Pro 2/Standard PBS Outline' - All subshaders removed
WARNING: Shader Did you use #pragma only_renderers and omit this platform?
WARNING: Shader If subshaders removal was intentional, you may have forgotten turning Fallback off?
WARNING: Shader Unsupported: 'Hidden/Toony Colors Pro 2/Standard PBS Outline Blended' - All subshaders removed
WARNING: Shader Did you use #pragma only_renderers and omit this platform?
WARNING: Shader If subshaders removal was intentional, you may have forgotten turning Fallback off?
WARNING: Shader Unsupported: 'Hidden/Toony Colors Pro 2/Standard PBS Outline Blended' - All subshaders removed
WARNING: Shader Did you use #pragma only_renderers and omit this platform?
WARNING: Shader If subshaders removal was intentional, you may have forgotten turning Fallback off?
WARNING: Shader Unsupported: 'Hidden/Toony Colors Pro 2/Variants/Desktop Outline' - All subshaders removed
WARNING: Shader Did you use #pragma only_renderers and omit this platform?
WARNING: Shader If subshaders removal was intentional, you may have forgotten turning Fallback off?
WARNING: Shader Unsupported: 'Hidden/Toony Colors Pro 2/Variants/Desktop Outline' - All subshaders removed
WARNING: Shader Did you use #pragma only_renderers and omit this platform?
WARNING: Shader If subshaders removal was intentional, you may have forgotten turning Fallback off?
WARNING: Shader Unsupported: 'Hidden/Toony Colors Pro 2/Variants/Desktop Specular Outline' - All subshaders removed
WARNING: Shader Did you use #pragma only_renderers and omit this platform?
WARNING: Shader If subshaders removal was intentional, you may have forgotten turning Fallback off?
WARNING: Shader Unsupported: 'Hidden/Toony Colors Pro 2/Variants/Desktop Specular Outline' - All subshaders removed
WARNING: Shader Did you use #pragma only_renderers and omit this platform?
WARNING: Shader If subshaders removal was intentional, you may have forgotten turning Fallback off?
WARNING: Shader Unsupported: 'Hidden/Toony Colors Pro 2/Variants/Mobile Specular OutlineBlending' - All subshaders removed
WARNING: Shader Did you use #pragma only_renderers and omit this platform?
WARNING: Shader If subshaders removal was intentional, you may have forgotten turning Fallback off?
WARNING: Shader Unsupported: 'Hidden/Toony Colors Pro 2/Variants/Mobile Specular OutlineBlending' - All subshaders removed
WARNING: Shader Did you use #pragma only_renderers and omit this platform?
WARNING: Shader If subshaders removal was intentional, you may have forgotten turning Fallback off?
WARNING: Shader Unsupported: 'Hidden/Toony Colors Pro 2/Variants/Desktop Specular OutlineBlending' - All subshaders removed
WARNING: Shader Did you use #pragma only_renderers and omit this platform?
WARNING: Shader If subshaders removal was intentional, you may have forgotten turning Fallback off?
WARNING: Shader Unsupported: 'Hidden/Toony Colors Pro 2/Variants/Desktop Specular OutlineBlending' - All subshaders removed
WARNING: Shader Did you use #pragma only_renderers and omit this platform?
WARNING: Shader If subshaders removal was intentional, you may have forgotten turning Fallback off?
Refreshing native plugins compatible for Editor in 25.76 ms, found 2 plugins.
Preloading 0 native plugins for Editor in 0.00 ms.
Unloading 1927 Unused Serialized files (Serialized files now loaded: 0)
Unloading 43 unused Assets / (6.3 MB). Loaded Objects now: 2505.
Memory consumption went from 128.9 MB to 122.6 MB.
Total: 4.624200 ms (FindLiveObjects: 0.183100 ms CreateObjectMapping: 0.051100 ms MarkObjects: 2.664700 ms  DeleteObjects: 1.724100 ms)

Prepare: number of updated asset objects reloaded= 0
AssetImportParameters requested are different than current active one (requested -> active):
  custom:video-decoder-webm-vp8: 9c59270c3fd7afecdb556c50c9e8de78 -> 
  custom:scripting/monoscript/fileName/TCP2_GradientManager.cs: 37272c1e31c92478eaffa405f11908a7 -> fcc0eade98cac5b7275979695df635bb
  custom:scripting/monoscript/fileName/TCP2_Demo_AnimateMaterial.cs: 56c3581fe21d45897fc8fb4059ce3f78 -> 36cd3afdb13edf651922a70330252de1
  custom:scripting/monoscript/fileName/TCP2_ShaderUpdateUnityTime_Editor.cs: ba9c8e703ffe791b9278ac10cce91661 -> c0adbd8b2cef361b0d030b13795a28f1
  custom:scripting/monoscript/fileName/MaterialInspector_SG2.cs: 60d45a6bf91674822c99ca909e626a7c -> f644846037657a75d01c3a3d0ff809d6
  custom:SearchIndexIgnoredProperties: e643bd26f0fe6173181afceb89e7c659 -> 
  custom:scripting/monoscript/fileName/TCP2_ShaderGenerator.UIFeatures.cs: c221881f1c6bc7aa01175fd58227440a -> 1d2933bc56d7311d0449931f9ae688f2
  custom:container-demuxer-ogg: 62fdf1f143b41e24485cea50d1cbac27 -> 
  custom:AudioImporter_EditorPlatform: d09bf68614088b80899f8185d706f6e7 -> 
  custom:scripting/monoscript/fileName/Serialization.cs: 1851cca948bc0d39963e8f920271e02d -> 4cafb6e720bd65c98c959cb78d3647c6
  custom:scripting/monoscript/fileName/TCP2_ShaderGeneratorUtils.cs: e7c137eb2be2544eb386873f3eb499a3 -> 60f19fd12c7e608165239da51b7c9347
  custom:scripting/monoscript/fileName/TCP2_MaterialInspector_SurfacePBS_SG.cs: c9eef89af2b5e9c5d793d70017b414f1 -> 88b6aab46ec263e3f285a8b01039276b
  custom:scripting/monoscript/fileName/MaterialInspector_Hybrid.cs: c379f87ba9fce34c903773dfb043a2ac -> dd0479f081972fc1bd8117e9b8a3c19c
  custom:scripting/monoscript/fileName/UIFeatures.cs: 6fb0de7fbc8b3339d66ecf43afb4326f -> 0106553a8c9a826d51597af1432f7b91
  custom:video-codec-MediaFoundation-h265: 746d11721c4dcdbdad8f713fa42b33f4 -> 
  custom:scripting/monoscript/fileName/TCP2_ShaderUpdateUnityTime.cs: 5b5b87979114f539d4af29d12735b2fb -> 61bb3190525b24acadb5199bc561b249
  custom:video-decoder-ogg-theora: a1e56fd34408186e4bbccfd4996cb3dc -> 
  custom:scripting/monoscript/fileName/TCP2_PlanarReflection.cs: cd4ccc0dbb7185b6a9f96fe15dfe8aa8 -> 09ded59f42b98316a095fe201bedfef7
  custom:scripting/monoscript/fileName/TCP2_GetPosOnWater_Editor.cs: b5f26a07de0ad9c4e21b864c577e3bb5 -> f070524cbf80cc182ddafc23e9b0c865
  custom:scripting/monoscript/fileName/TCP2_GetVertexWavesPosition.cs: 9dfa832481500070a9fff1227de80db6 -> 9841e2d3ae8e0142cabeaf950824fa83
  custom:scripting/monoscript/fileName/TCP2_RampGenerator.cs: 46a24b87f156d72b9e6971a327071845 -> eaec3e604e38ce2a529b64230727e120
  custom:scripting/monoscript/fileName/SGUILayout.cs: ebbba7830c453a0238a0e6dec7e6222c -> 9a748d27fc237893445b0be72a0a383e
  custom:framework-win-MediaFoundation: 216162199b28c13a410421893ffa2e32 -> 
  custom:scripting/monoscript/fileName/TCP2_Demo_GammaLinear.cs: f4de7144b5b6a54dcb813c2df6782f2d -> b35f68aa1d552cb4d1a4ec6c926c0f0b
  custom:scripting/monoscript/fileName/TCP2_Upgrader.cs: 883225f75bec08c6565b52f530f3b2f1 -> 61aae58434386952171d6396a36bade2
  custom:scripting/monoscript/fileName/ShaderGenerator2.cs: 80c9fc3be389bfeb2a4f37404dc43c43 -> e5295c95a591168ca7cb39a3ade1c16c
  custom:scripting/monoscript/fileName/TCP2_GUI.cs: 89421bb5e2f15fe14327eda9bba9b9d1 -> 1338930458367abb0020a550450a40ac
  custom:scripting/monoscript/fileName/TCP2_Demo_Interactive.cs: de2cd899c22920c3f675ac3c7638629a -> c0fc773abdf677858f2b632324822fc1
  custom:scripting/monoscript/fileName/TCP2_MaterialInspector_SG.cs: 8897780c77e361520c9a8f8449a080f2 -> 831645fb097b4502f2682dac3160ce44
  custom:scripting/monoscript/fileName/TCP2_Demo_Interactive_Content.cs: de14853feeb62b2744ebe32e92cc53ac -> af5c3adfbee3ee106cc636b55f10baea
  custom:scripting/monoscript/fileName/TCP2_RuntimeUtils.cs: 675d40686ad98770997b60bad6ab1b7a -> 6234d1c0df7a9f06c3c188e83442ae85
  custom:scripting/monoscript/fileName/ShaderProperty.CustomMaterialProperty.cs: 4752279f5237cad92170e4ebda8d2e56 -> bc66a2637169b9e3b0a7518af3f83ec8
  custom:scripting/monoscript/fileName/TCP2_Demo_Camera.cs: d68bac29dfe3edd151f67bdaa7a41b30 -> cb4db1febccc2c4e09ec7a6d23187ea7
  custom:scripting/monoscript/fileName/TCP2_Demo_View.cs: f33ebff6d7616fc383218081263da62e -> 7e6099098a9785fde276519acfef40f1
  custom:scripting/monoscript/fileName/TCP2_Config.cs: 53d4da5d7e464290b7dfbeb190ff9a0b -> f4d22248fc55d9b99738808a615b972c
  custom:scripting/monoscript/fileName/TCP2_Demo_InvertedMaskImage.cs: 9d74b9c01c421208492d82409656d9b5 -> ffd3558dbe2bfe9f162715877425f894
  custom:video-encoder-webm-vp8: eb34c28f22e8b96e1ab97ce403110664 -> 
  custom:scripting/monoscript/fileName/TCP2_MaterialInspector.cs: 0995c0cd87da4d501e747fa2aae3b794 -> 1f5ad91034ee25bbec41e2eeabf5a3bd
  custom:scripting/monoscript/fileName/TCP2_GetPosOnWater.cs: e81d1041805bcdc874772595de8264f7 -> 09fece8a0755d1b11f9fdf3eb77dcbc0
  custom:scripting/monoscript/fileName/ReorderableLayoutList.cs: a0ae31a04d773db85a02d633b611aa42 -> 9ba7bd4c991c73731c821315ffcd1d38
  custom:scripting/monoscript/fileName/TCP2_Demo.cs: 5a61b5c4b94850a98b1325781bbb0a2c -> f66526b53badb7ad665229520cd3259d
  custom:audio-decoder-ogg-vorbis: bf7c407c2cedff20999df2af8eb42d56 -> 
  custom:scripting/monoscript/fileName/ShaderProperty.cs: 380512d462a6812b233402b4f6caa533 -> 82bb21d4405e65966350eb3cb56ff024
  custom:scripting/monoscript/fileName/ShaderProperty.Implementations.cs: a358703609533b6947da1bc23151a98a -> f8cc9168116283bc91087da061505e8d
  custom:scripting/monoscript/fileName/GlobalOptions.cs: 2e90b45b074f1bd5297efbf5ea9e66a9 -> fe6494fa426a8040736381ebbdd122c8
  custom:CustomObjectIndexerAttribute: 9a22284fe3817be447336de3de66b15e -> 
  custom:scripting/monoscript/fileName/AnalyticManager.cs: 3cb5a2c1d68d43c8a75a694832ed68f7 -> 
  custom:scripting/monoscript/fileName/TCP2_ShaderImporter.cs: 9386152485d0ed3a70ae746e3d3d3a0b -> d900ef458f6d9e63ad0f3532d995f65e
  custom:scripting/monoscript/fileName/TCP2_OutlineInspector.cs: 86a775169c5d481f04b66541ba96af96 -> 65523a4924160d9a16e9359205373c7a
  custom:scripting/monoscript/fileName/TCP2_Demo_PBS_View.cs: 4e3898009146d3942347120305b4dee4 -> c54dfb82e8364e406c25d94e7503bb47
  custom:scripting/monoscript/fileName/Tooltip.cs: b9228850981a485692af9f76f1de0bf5 -> 6d98b883b77bd4eb3be7c69498228e5b
  custom:scripting/monoscript/fileName/TCP2_ExpressionParser.cs: ff26919b38583e3ab830ec807c631fe2 -> 2d12153f030e7001c6e8dd49a9c830ab
  custom:scripting/monoscript/fileName/TCP2_Demo_Cat.cs: 0dc423992d08a3c83c0adc1d2874b410 -> ddce114892a3e78f308d54f7c0d40e51
  custom:container-demuxer-webm: 4f35f7cbe854078d1ac9338744f61a02 -> 
  custom:scripting/monoscript/fileName/TCP2_MaterialInspector_PBS.cs: 1d5e3a05d19c56db5d566fb56637114b -> 6b7e84d2fcbb320e53bf430f9d42cf27
  custom:scripting/monoscript/fileName/TCP2_ShaderPostProcessor.cs: d7dcce0bced08f95dafcf4aaf123503c -> 9958be35f110aac162282c7684494c52
  custom:scripting/monoscript/fileName/TCP2_SmoothedNormalsUtility.cs: 85116915ae0a911483d95285c3342b15 -> d0c50f866cd0458673f04524aac330ab
  custom:scripting/monoscript/fileName/CodeInjection.cs: b1a1413330025788bd65f793748bbc08 -> 53eca25ffbc932bdcc2f182b3a74b3ef
  custom:scripting/monoscript/fileName/TCP2_Demo_PBS.cs: ebd17b185aaf86c16ddb3a2660a32664 -> bf0261dde914e2ef482e8008955d4b0e
  custom:scripting/monoscript/fileName/TCP2_Demo_AutoRotate.cs: dc25d2686a589dc21eb60f99f7d25861 -> 0567dee0421ae0886b132939e2b454c8
  custom:scripting/monoscript/fileName/TCP2_Utils.cs: b95b27719bf5a890b1732e1a4ec4ef87 -> 579f444beb3a9b5cb1dccb7c54567489
  custom:scripting/monoscript/fileName/TCP2_MaterialInspector_PBS_SG.cs: 630658e755fec5974d1eab3cb287bd75 -> 854a75f3d615b0c507e87b45b4a3c6d0
  custom:audio-encoder-webm-vorbis: bf7c407c2cedff20999df2af8eb42d56 -> 
  custom:scripting/monoscript/fileName/TCP2_Menu.cs: 3e00990b13e7d808c0eb733857d8b85f -> 88e64115b36f2d5f17b21666c38f240d
  custom:scripting/monoscript/fileName/TCP2_Demo_Interactive_Environment.cs: f5d7c787752e2d4a0350a1c7192c9b1a -> 08147bc20b048c5b5aea073f2107a938
  custom:scripting/monoscript/fileName/MaterialLayer.cs: c7e62090460fd8310a91031dc5351ce6 -> ff08085cd2d9443e259c700774fbea94
  custom:scripting/monoscript/fileName/Template.cs: c07c1a59ebdac4b84511336f88af84f3 -> 955ddae9cda1c5cb75f6ed421335be29
  custom:scripting/monoscript/fileName/Module.cs: 30d6c2e442503ad04e149fa8103a4efb -> 64e3e90967383dd20980acf06b82a484
  custom:scripting/monoscript/fileName/Config.cs: 7c748c113fb2ce30642a365cd8a8501b -> fae96f2b91a511890105fb9b95d24d0b
  custom:scripting/monoscript/fileName/TCP2_CameraDepth.cs: 8d73f935d2fd4420cbe28a9c3e5ae717 -> 78d341a8ab5c83f87f48439841cfe550
  custom:container-muxer-webm: aa71ff27fc2769a1b78a27578f13a17b -> 
  custom:scripting/precompiled-assembly-types:Google.VersionHandlerImpl:  -> 3a2772b5d4460e97b3c3fa7e8da793ff
  custom:scripting/precompiled-assembly-types:Google.VersionHandler:  -> f1f1971fbe84275ad04694aedeee42e1
  custom:scripting/precompiled-assembly-types:Google.PackageManagerResolver:  -> 236714e1d60780c05550efec1c9a9476
  custom:scripting/precompiled-assembly-types:Google.JarResolver:  -> f89fd92eb6a93cb382d21dcf449cd500
